<?xml version="1.0" encoding="UTF-8"?>
<!-- Generated by org.testng.reporters.JUnitXMLReporter -->
<testsuite hostname="LNAR-PF123C1R" ignored="0" name="Default test" tests="5" failures="0" timestamp="11 Jul 2018 18:19:26 GMT" time="55.527" errors="0">
  <testcase name="contactUsTest" time="9.587" classname="automationFramework.dice.com.HomePageTest"/>
  <testcase name="searchHomePageTest" time="5.555" classname="automationFramework.dice.com.HomePageTest"/>
  <testcase name="positiveLoginTest" time="0.0" classname="automationFramework.dice.com.LoginTest">
    <skipped/>
  </testcase> <!-- positiveLoginTest -->
  <testcase name="firstTestMethod" time="8.151" classname="automationFramework.dice.com.FirstTest"/>
  <testcase name="secondTestMethod" time="3.516" classname="automationFramework.dice.com.SecondTest"/>
</testsuite> <!-- Default test -->
