<?xml version="1.0" encoding="UTF-8"?>
<!-- Generated by org.testng.reporters.JUnitXMLReporter -->
<testsuite hostname="Saeid-PC" ignored="1" name="LoginTest-CH" tests="1" failures="0" timestamp="31 Jan 2018 16:47:38 GMT" time="16.993" errors="0">
  <testcase name="searchHomePageTest" time="10.132" classname="automationFramework.dice.com.HomePageTest"/>
  <testcase name="contactUsTest" time="0.0" classname="automationFramework.dice.com.HomePageTest">
    <ignored/>
  </testcase> <!-- contactUsTest -->
</testsuite> <!-- LoginTest-CH -->
