<?xml version="1.0" encoding="UTF-8"?>
<!-- Generated by org.testng.reporters.JUnitXMLReporter -->
<testsuite hostname="Saeid-PC" ignored="1" name="LoginTest-FF" tests="1" failures="0" timestamp="31 Jan 2018 16:47:49 GMT" time="28.537" errors="0">
  <testcase name="contactUsTest" time="8.08" classname="automationFramework.dice.com.HomePageTest"/>
  <testcase name="searchHomePageTest" time="0.0" classname="automationFramework.dice.com.HomePageTest">
    <ignored/>
  </testcase> <!-- searchHomePageTest -->
</testsuite> <!-- LoginTest-FF -->
